  curve.cpp
G:\С++\Interview\Figures\curve.cpp(47,77): warning C4244: аргумент: преобразование "double" в "_Ty", возможна потеря данных
          with
          [
              _Ty=float
          ]
G:\С++\Interview\Figures\curve.cpp(48,77): warning C4244: аргумент: преобразование "double" в "_Ty", возможна потеря данных
          with
          [
              _Ty=float
          ]
G:\С++\Interview\Figures\curve.cpp(108,81): warning C4244: аргумент: преобразование "double" в "_Ty", возможна потеря данных
          with
          [
              _Ty=float
          ]
G:\С++\Interview\Figures\curve.cpp(109,81): warning C4244: аргумент: преобразование "double" в "_Ty", возможна потеря данных
          with
          [
              _Ty=float
          ]
G:\С++\Interview\Figures\curve.cpp(179,77): warning C4244: аргумент: преобразование "double" в "_Ty", возможна потеря данных
          with
          [
              _Ty=float
          ]
G:\С++\Interview\Figures\curve.cpp(180,77): warning C4244: аргумент: преобразование "double" в "_Ty", возможна потеря данных
          with
          [
              _Ty=float
          ]
G:\С++\Interview\Figures\curve.cpp(181,65): warning C4244: аргумент: преобразование "double" в "_Ty", возможна потеря данных
          with
          [
              _Ty=float
          ]
  main.cpp
G:\С++\Interview\Figures\main.cpp(29,35): warning C4305: аргумент: усечение из "double" в "float"
C:\Program Files\Microsoft Visual Studio\2022\Community\VC\Tools\MSVC\14.36.32532\include\xutility(265,77): warning C4244: аргумент: преобразование "_Ty" в "float", возможна потеря данных
          with
          [
              _Ty=int
          ]
C:\Program Files\Microsoft Visual Studio\2022\Community\VC\Tools\MSVC\14.36.32532\include\memory(2092,13): message : выполняется компиляция ссылки на экземпляр шаблон функции "void std::_Construct_in_place<_Ty,int>(_Ty &,int &&) noexcept(false)"
          with
          [
              _Ty=Circle
          ]
C:\Program Files\Microsoft Visual Studio\2022\Community\VC\Tools\MSVC\14.36.32532\include\memory(2765,46): message : выполняется компиляция ссылки на экземпляр шаблон функции "std::_Ref_count_obj2<Circle>::_Ref_count_obj2<_Ty>(_Ty &&)"
          with
          [
              _Ty=int
          ]
G:\С++\Interview\Figures\main.cpp(11,25): message : выполняется компиляция ссылки на экземпляр шаблон функции "std::shared_ptr<Circle> std::make_shared<Circle,int>(int &&)"
  Создание кода...
  Figures.vcxproj -> G:\С++\Interview\x64\Debug\Figures.exe
